<?xml version="1.0" encoding="UTF-8"?>
<!-- Generated by org.testng.reporters.JUnitXMLReporter -->
<testsuite hostname="ED-G-DELL5591" ignored="0" name="Default test" tests="3" failures="0" timestamp="22 Jul 2019 02:38:21 GMT" time="26.284" errors="0">
  <testcase name="Login" time="5.094" classname="pkgSeleniumCoursePart9.CaseStudyPart9.CaseStudy9WithTestNG"/>
  <testcase name="NavigateToBlogs" time="2.997" classname="pkgSeleniumCoursePart9.CaseStudyPart9.CaseStudy9WithTestNG"/>
  <testcase name="FilterAndClickBlog" time="3.739" classname="pkgSeleniumCoursePart9.CaseStudyPart9.CaseStudy9WithTestNG"/>
</testsuite> <!-- Default test -->
