<?xml version="1.0" encoding="UTF-8"?>
<!-- Generated by org.testng.reporters.JUnitXMLReporter -->
<testsuite hostname="ED-G-DELL5591" ignored="2" name="Login/Logout and Test Duplicate Account Creation on Newtours Website" tests="5" failures="0" timestamp="19 Jul 2019 22:27:15 GMT" time="16.151" errors="0">
  <testcase name="OpenAUT" time="0.882" classname="pkgSeleniumCoursePart6.CaseStudyPart6.CaseStudy6"/>
  <testcase name="Login" time="1.821" classname="pkgSeleniumCoursePart6.CaseStudyPart6.CaseStudy6"/>
  <testcase name="Logout" time="0.552" classname="pkgSeleniumCoursePart6.CaseStudyPart6.CaseStudy6"/>
  <testcase name="RegistrationAttemptSameEmailExpectFailure" time="12.811" classname="pkgSeleniumCoursePart6.CaseStudyPart6.CaseStudy6"/>
  <testcase name="CloseBrowser" time="0.058" classname="pkgSeleniumCoursePart6.CaseStudyPart6.CaseStudy6"/>
  <testcase name="SupportLink" time="0.0" classname="pkgSeleniumCoursePart6.CaseStudyPart6.CaseStudy6">
    <ignored/>
  </testcase> <!-- SupportLink -->
  <testcase name="Debugging" time="0.0" classname="pkgSeleniumCoursePart6.CaseStudyPart6.CaseStudy6">
    <ignored/>
  </testcase> <!-- Debugging -->
</testsuite> <!-- Login/Logout and Test Duplicate Account Creation on Newtours Website -->
