<?xml version="1.0" encoding="UTF-8"?>
<!-- Generated by org.testng.reporters.JUnitXMLReporter -->
<testsuite hostname="ED-G-DELL5591" ignored="1" name="Login and Logout Newtours Website" tests="5" failures="0" timestamp="14 Jul 2019 14:15:17 GMT" time="16.886" errors="0">
  <testcase name="OpenAUT" time="0.808" classname="pkgSeleniumCoursePart6.CaseStudyPart6.CaseStudy6"/>
  <testcase name="Login" time="1.888" classname="pkgSeleniumCoursePart6.CaseStudyPart6.CaseStudy6"/>
  <testcase name="Logout" time="0.588" classname="pkgSeleniumCoursePart6.CaseStudyPart6.CaseStudy6"/>
  <testcase name="RegistrationAttemptSameEmailExpectFailure" time="13.469" classname="pkgSeleniumCoursePart6.CaseStudyPart6.CaseStudy6"/>
  <testcase name="CloseBrowser" time="0.1" classname="pkgSeleniumCoursePart6.CaseStudyPart6.CaseStudy6"/>
  <testcase name="SupportLink" time="0.0" classname="pkgSeleniumCoursePart6.CaseStudyPart6.CaseStudy6">
    <ignored/>
  </testcase> <!-- SupportLink -->
</testsuite> <!-- Login and Logout Newtours Website -->
