<?xml version="1.0" encoding="UTF-8"?>
<!-- Generated by org.testng.reporters.JUnitXMLReporter -->
<testsuite hostname="ED-G-DELL5591" ignored="2" name="Login/Logout and Test Duplicate Account Creation on Newtours Website" tests="5" failures="0" timestamp="14 Jul 2019 20:13:49 GMT" time="16.281" errors="0">
  <testcase name="OpenAUT" time="0.777" classname="pkgSeleniumCoursePart6.CaseStudyPart6.CaseStudy6"/>
  <testcase name="Login" time="1.887" classname="pkgSeleniumCoursePart6.CaseStudyPart6.CaseStudy6"/>
  <testcase name="Logout" time="0.611" classname="pkgSeleniumCoursePart6.CaseStudyPart6.CaseStudy6"/>
  <testcase name="RegistrationAttemptSameEmailExpectFailure" time="12.843" classname="pkgSeleniumCoursePart6.CaseStudyPart6.CaseStudy6"/>
  <testcase name="CloseBrowser" time="0.135" classname="pkgSeleniumCoursePart6.CaseStudyPart6.CaseStudy6"/>
  <testcase name="SupportLink" time="0.0" classname="pkgSeleniumCoursePart6.CaseStudyPart6.CaseStudy6">
    <ignored/>
  </testcase> <!-- SupportLink -->
  <testcase name="Debugging" time="0.0" classname="pkgSeleniumCoursePart6.CaseStudyPart6.CaseStudy6">
    <ignored/>
  </testcase> <!-- Debugging -->
</testsuite> <!-- Login/Logout and Test Duplicate Account Creation on Newtours Website -->
