<?xml version="1.0" encoding="UTF-8"?>
<testng-results skipped="0" failed="0" ignored="0" total="1" passed="1">
  <reporter-output>
    <line>
      <![CDATA[SignIn Action is successfully performed]]>
    </line>
  </reporter-output>
  <suite name="Default suite" duration-ms="25770" started-at="2019-07-30T10:22:50Z" finished-at="2019-07-30T10:23:15Z">
    <groups>
    </groups>
    <test name="Default test" duration-ms="25770" started-at="2019-07-30T10:22:50Z" finished-at="2019-07-30T10:23:15Z">
      <class name="ppkgzEdSelCertProj.testCases.UpdateProfile">
        <test-method status="PASS" signature="beforeMethod()[pri:0, instance:ppkgzEdSelCertProj.testCases.UpdateProfile@1f2586d6]" name="beforeMethod" is-config="true" duration-ms="11961" started-at="2019-07-30T10:22:50Z" finished-at="2019-07-30T10:23:02Z">
          <reporter-output>
          </reporter-output>
        </test-method> <!-- beforeMethod -->
        <test-method status="PASS" signature="UpdateProfileTest()[pri:0, instance:ppkgzEdSelCertProj.testCases.UpdateProfile@1f2586d6]" name="UpdateProfileTest" duration-ms="13594" started-at="2019-07-30T10:23:02Z" finished-at="2019-07-30T10:23:15Z">
          <reporter-output>
            <line>
              <![CDATA[SignIn Action is successfully performed]]>
            </line>
          </reporter-output>
        </test-method> <!-- UpdateProfileTest -->
        <test-method status="PASS" signature="afterMethod()[pri:0, instance:ppkgzEdSelCertProj.testCases.UpdateProfile@1f2586d6]" name="afterMethod" is-config="true" duration-ms="134" started-at="2019-07-30T10:23:15Z" finished-at="2019-07-30T10:23:15Z">
          <reporter-output>
          </reporter-output>
        </test-method> <!-- afterMethod -->
      </class> <!-- ppkgzEdSelCertProj.testCases.UpdateProfile -->
    </test> <!-- Default test -->
  </suite> <!-- Default suite -->
</testng-results>
