<?xml version="1.0" encoding="UTF-8"?>
<!-- Generated by org.testng.reporters.JUnitXMLReporter -->
<testsuite hostname="ED-G-DELL5591" ignored="0" name="Login to Newtours Website" tests="4" failures="0" timestamp="14 Jul 2019 11:52:38 GMT" time="4.886" errors="0">
  <testcase name="OpenAUT" time="1.461" classname="pkgSeleniumCoursePart6.FilesFromTabresh.TestNG"/>
  <testcase name="Login" time="2.17" classname="pkgSeleniumCoursePart6.FilesFromTabresh.TestNG"/>
  <testcase name="Logout" time="1.045" classname="pkgSeleniumCoursePart6.FilesFromTabresh.TestNG"/>
  <testcase name="CloseBrowser" time="0.123" classname="pkgSeleniumCoursePart6.FilesFromTabresh.TestNG"/>
</testsuite> <!-- Login to Newtours Website -->
